0 info it worked if it ends with ok
1 verbose cli [ '/home/steve/.nvm/versions/node/v6.13.1/bin/node',
1 verbose cli   '/home/steve/.nvm/versions/node/v6.13.1/bin/npm',
1 verbose cli   'run',
1 verbose cli   'dev-pack' ]
2 info using npm@3.10.10
3 info using node@v6.13.1
4 verbose run-script [ 'predev-pack', 'dev-pack', 'postdev-pack' ]
5 info lifecycle hrmvp@1.0.0~predev-pack: hrmvp@1.0.0
6 silly lifecycle hrmvp@1.0.0~predev-pack: no script for predev-pack, continuing
7 info lifecycle hrmvp@1.0.0~dev-pack: hrmvp@1.0.0
8 verbose lifecycle hrmvp@1.0.0~dev-pack: unsafe-perm in lifecycle true
9 verbose lifecycle hrmvp@1.0.0~dev-pack: PATH: /home/steve/.nvm/versions/node/v6.13.1/lib/node_modules/npm/bin/node-gyp-bin:/home/steve/Documents/hrmvp/node_modules/.bin:/home/steve/.local/bin:/home/steve/.nvm/versions/node/v6.13.1/bin:/home/steve/.local/bin:/usr/local/sbin:/usr/local/bin:/usr/sbin:/usr/bin:/sbin:/bin:/usr/games:/usr/local/games:/snap/bin
10 verbose lifecycle hrmvp@1.0.0~dev-pack: CWD: /home/steve/Documents/hrmvp
11 silly lifecycle hrmvp@1.0.0~dev-pack: Args: [ '-c', 'webpack -d --watch' ]
12 silly lifecycle hrmvp@1.0.0~dev-pack: Returned: code: 1  signal: null
13 info lifecycle hrmvp@1.0.0~dev-pack: Failed to exec dev-pack script
14 verbose stack Error: hrmvp@1.0.0 dev-pack: `webpack -d --watch`
14 verbose stack Exit status 1
14 verbose stack     at EventEmitter.<anonymous> (/home/steve/.nvm/versions/node/v6.13.1/lib/node_modules/npm/lib/utils/lifecycle.js:255:16)
14 verbose stack     at emitTwo (events.js:106:13)
14 verbose stack     at EventEmitter.emit (events.js:191:7)
14 verbose stack     at ChildProcess.<anonymous> (/home/steve/.nvm/versions/node/v6.13.1/lib/node_modules/npm/lib/utils/spawn.js:40:14)
14 verbose stack     at emitTwo (events.js:106:13)
14 verbose stack     at ChildProcess.emit (events.js:191:7)
14 verbose stack     at maybeClose (internal/child_process.js:920:16)
14 verbose stack     at Process.ChildProcess._handle.onexit (internal/child_process.js:230:5)
15 verbose pkgid hrmvp@1.0.0
16 verbose cwd /home/steve/Documents/hrmvp
17 error Linux 4.15.0-20-generic
18 error argv "/home/steve/.nvm/versions/node/v6.13.1/bin/node" "/home/steve/.nvm/versions/node/v6.13.1/bin/npm" "run" "dev-pack"
19 error node v6.13.1
20 error npm  v3.10.10
21 error code ELIFECYCLE
22 error hrmvp@1.0.0 dev-pack: `webpack -d --watch`
22 error Exit status 1
23 error Failed at the hrmvp@1.0.0 dev-pack script 'webpack -d --watch'.
23 error Make sure you have the latest version of node.js and npm installed.
23 error If you do, this is most likely a problem with the hrmvp package,
23 error not with npm itself.
23 error Tell the author that this fails on your system:
23 error     webpack -d --watch
23 error You can get information on how to open an issue for this project with:
23 error     npm bugs hrmvp
23 error Or if that isn't available, you can get their info via:
23 error     npm owner ls hrmvp
23 error There is likely additional logging output above.
24 verbose exit [ 1, true ]
